<?xml version="1.0" encoding="UTF-8"?>
<!-- Generated by org.testng.reporters.JUnitXMLReporter -->
<testsuite hostname="Ahmers-MacBook-Pro.local" name="Amazon" tests="4" failures="0" timestamp="14 Sep 2019 16:11:36 GMT" time="118.025" errors="0">
  <testcase name="loginToApplication" time="27.741" classname="testScripts.TestScripts"/>
  <testcase name="changeCountry" time="28.013" classname="testScripts.TestScripts"/>
  <testcase name="searchForAnItem" time="26.386" classname="testScripts.TestScripts"/>
  <testcase name="addToCart" time="21.149" classname="testScripts.TestScripts"/>
</testsuite> <!-- Amazon -->
